Copyright 1986-2022 Xilinx, Inc. All Rights Reserved.
------------------------------------------------------------------------------------
| Tool Version : Vivado v.2022.1 (lin64) Build 3526262 Mon Apr 18 15:47:01 MDT 2022
| Date         : Tue Jan 16 18:14:29 2024
| Host         : taipei running 64-bit CentOS Linux release 7.6.1810 (Core)
| Command      : report_timing_summary -file timing_report.log
| Design       : design_1_wrapper
| Device       : 7z020-clg400
| Speed File   : -1  PRODUCTION 1.12 2019-11-22
------------------------------------------------------------------------------------

Timing Summary Report

------------------------------------------------------------------------------------------------
| Timer Settings
| --------------
------------------------------------------------------------------------------------------------

  Enable Multi Corner Analysis               :  Yes
  Enable Pessimism Removal                   :  Yes
  Pessimism Removal Resolution               :  Nearest Common Node
  Enable Input Delay Default Clock           :  No
  Enable Preset / Clear Arcs                 :  No
  Disable Flight Delays                      :  No
  Ignore I/O Paths                           :  No
  Timing Early Launch at Borrowing Latches   :  No
  Borrow Time for Max Delay Exceptions       :  Yes
  Merge Timing Exceptions                    :  Yes

  Corner  Analyze    Analyze    
  Name    Max Paths  Min Paths  
  ------  ---------  ---------  
  Slow    Yes        Yes        
  Fast    Yes        Yes        


------------------------------------------------------------------------------------------------
| Report Methodology
| ------------------
------------------------------------------------------------------------------------------------

No report available as report_methodology has not been run prior. Run report_methodology on the current design for the summary of methodology violations.



check_timing report

Table of Contents
-----------------
1. checking no_clock (2895)
2. checking constant_clock (0)
3. checking pulse_width_clock (0)
4. checking unconstrained_internal_endpoints (2878)
5. checking no_input_delay (0)
6. checking no_output_delay (0)
7. checking multiple_clock (0)
8. checking generated_clocks (0)
9. checking loops (0)
10. checking partial_input_delay (0)
11. checking partial_output_delay (0)
12. checking latch_loops (0)

1. checking no_clock (2895)
---------------------------
 There are 310 register/latch pins with no clock driven by root clock pin: design_1_i/caravel_0/inst/housekeeping/serial_bb_clock_reg/Q (HIGH)

 There are 500 register/latch pins with no clock driven by root clock pin: design_1_i/caravel_0/inst/housekeeping/serial_bb_enable_reg/Q (HIGH)

 There are 190 register/latch pins with no clock driven by root clock pin: design_1_i/caravel_0/inst/housekeeping/serial_bb_load_reg/Q (HIGH)

 There are 310 register/latch pins with no clock driven by root clock pin: design_1_i/caravel_0/inst/housekeeping/serial_clock_pre_reg/Q (HIGH)

 There are 190 register/latch pins with no clock driven by root clock pin: design_1_i/caravel_0/inst/housekeeping/serial_load_pre_reg/Q (HIGH)

 There are 615 register/latch pins with no clock driven by root clock pin: design_1_i/caravel_0/inst/housekeeping/wbbd_busy_reg/Q (HIGH)

 There are 615 register/latch pins with no clock driven by root clock pin: design_1_i/caravel_0/inst/housekeeping/wbbd_sck_reg/Q (HIGH)

 There are 2 register/latch pins with no clock driven by root clock pin: design_1_i/caravel_0/inst/mprj/fir/axi_current_state_reg[0]/Q (HIGH)

 There are 2 register/latch pins with no clock driven by root clock pin: design_1_i/caravel_0/inst/mprj/fir/axi_current_state_reg[1]/Q (HIGH)

 There are 2 register/latch pins with no clock driven by root clock pin: design_1_i/caravel_0/inst/mprj/mm/current_state_reg[0]_inv/Q (HIGH)

 There are 2 register/latch pins with no clock driven by root clock pin: design_1_i/caravel_0/inst/mprj/mm/current_state_reg[1]/Q (HIGH)

 There are 2 register/latch pins with no clock driven by root clock pin: design_1_i/caravel_0/inst/mprj/mm/sm_tvalid_reg/Q (HIGH)

 There are 3 register/latch pins with no clock driven by root clock pin: design_1_i/caravel_0/inst/mprj/qsort/FSM_onehot_axi_current_state_reg[0]/Q (HIGH)

 There are 3 register/latch pins with no clock driven by root clock pin: design_1_i/caravel_0/inst/mprj/qsort/FSM_onehot_axi_current_state_reg[1]/Q (HIGH)

 There are 3 register/latch pins with no clock driven by root clock pin: design_1_i/caravel_0/inst/mprj/qsort/FSM_onehot_axi_current_state_reg[2]/Q (HIGH)

 There are 2 register/latch pins with no clock driven by root clock pin: design_1_i/caravel_0/inst/soc/core/FSM_onehot_grant_reg[1]/Q (HIGH)

 There are 2 register/latch pins with no clock driven by root clock pin: design_1_i/caravel_0/inst/soc/core/FSM_onehot_grant_reg[2]/Q (HIGH)

 There are 2 register/latch pins with no clock driven by root clock pin: design_1_i/caravel_0/inst/soc/core/VexRiscv/IBusCachedPlugin_cache/lineLoader_address_reg[24]/Q (HIGH)

 There are 2 register/latch pins with no clock driven by root clock pin: design_1_i/caravel_0/inst/soc/core/VexRiscv/IBusCachedPlugin_cache/lineLoader_address_reg[25]/Q (HIGH)

 There are 2 register/latch pins with no clock driven by root clock pin: design_1_i/caravel_0/inst/soc/core/VexRiscv/IBusCachedPlugin_cache/lineLoader_address_reg[26]/Q (HIGH)

 There are 2 register/latch pins with no clock driven by root clock pin: design_1_i/caravel_0/inst/soc/core/VexRiscv/IBusCachedPlugin_cache/lineLoader_address_reg[27]/Q (HIGH)

 There are 2 register/latch pins with no clock driven by root clock pin: design_1_i/caravel_0/inst/soc/core/VexRiscv/IBusCachedPlugin_cache/lineLoader_address_reg[28]/Q (HIGH)

 There are 2 register/latch pins with no clock driven by root clock pin: design_1_i/caravel_0/inst/soc/core/VexRiscv/IBusCachedPlugin_cache/lineLoader_address_reg[29]/Q (HIGH)

 There are 2 register/latch pins with no clock driven by root clock pin: design_1_i/caravel_0/inst/soc/core/VexRiscv/IBusCachedPlugin_cache/lineLoader_address_reg[30]/Q (HIGH)

 There are 2 register/latch pins with no clock driven by root clock pin: design_1_i/caravel_0/inst/soc/core/VexRiscv/IBusCachedPlugin_cache/lineLoader_address_reg[31]/Q (HIGH)

 There are 2 register/latch pins with no clock driven by root clock pin: design_1_i/caravel_0/inst/soc/core/VexRiscv/IBusCachedPlugin_cache/lineLoader_address_reg[5]/Q (HIGH)

 There are 2 register/latch pins with no clock driven by root clock pin: design_1_i/caravel_0/inst/soc/core/VexRiscv/IBusCachedPlugin_cache/lineLoader_address_reg[6]/Q (HIGH)

 There are 2 register/latch pins with no clock driven by root clock pin: design_1_i/caravel_0/inst/soc/core/VexRiscv/IBusCachedPlugin_cache/lineLoader_address_reg[7]/Q (HIGH)

 There are 2 register/latch pins with no clock driven by root clock pin: design_1_i/caravel_0/inst/soc/core/VexRiscv/IBusCachedPlugin_cache/lineLoader_cmdSent_reg/Q (HIGH)

 There are 2 register/latch pins with no clock driven by root clock pin: design_1_i/caravel_0/inst/soc/core/VexRiscv/IBusCachedPlugin_cache/lineLoader_valid_reg/Q (HIGH)

 There are 2 register/latch pins with no clock driven by root clock pin: design_1_i/caravel_0/inst/soc/core/VexRiscv/_zz_iBusWishbone_ADR_reg[0]/Q (HIGH)

 There are 2 register/latch pins with no clock driven by root clock pin: design_1_i/caravel_0/inst/soc/core/VexRiscv/_zz_iBusWishbone_ADR_reg[1]/Q (HIGH)

 There are 2 register/latch pins with no clock driven by root clock pin: design_1_i/caravel_0/inst/soc/core/VexRiscv/_zz_iBusWishbone_ADR_reg[2]/Q (HIGH)

 There are 2 register/latch pins with no clock driven by root clock pin: design_1_i/caravel_0/inst/soc/core/VexRiscv/dBus_cmd_rData_address_reg[24]/Q (HIGH)

 There are 2 register/latch pins with no clock driven by root clock pin: design_1_i/caravel_0/inst/soc/core/VexRiscv/dBus_cmd_rData_address_reg[25]/Q (HIGH)

 There are 2 register/latch pins with no clock driven by root clock pin: design_1_i/caravel_0/inst/soc/core/VexRiscv/dBus_cmd_rData_address_reg[26]/Q (HIGH)

 There are 2 register/latch pins with no clock driven by root clock pin: design_1_i/caravel_0/inst/soc/core/VexRiscv/dBus_cmd_rData_address_reg[27]/Q (HIGH)

 There are 2 register/latch pins with no clock driven by root clock pin: design_1_i/caravel_0/inst/soc/core/VexRiscv/dBus_cmd_rData_address_reg[28]/Q (HIGH)

 There are 2 register/latch pins with no clock driven by root clock pin: design_1_i/caravel_0/inst/soc/core/VexRiscv/dBus_cmd_rData_address_reg[29]/Q (HIGH)

 There are 2 register/latch pins with no clock driven by root clock pin: design_1_i/caravel_0/inst/soc/core/VexRiscv/dBus_cmd_rData_address_reg[30]/Q (HIGH)

 There are 2 register/latch pins with no clock driven by root clock pin: design_1_i/caravel_0/inst/soc/core/VexRiscv/dBus_cmd_rData_address_reg[31]/Q (HIGH)

 There are 2 register/latch pins with no clock driven by root clock pin: design_1_i/caravel_0/inst/soc/core/VexRiscv/dBus_cmd_rData_address_reg[4]/Q (HIGH)

 There are 2 register/latch pins with no clock driven by root clock pin: design_1_i/caravel_0/inst/soc/core/VexRiscv/dBus_cmd_rData_address_reg[5]/Q (HIGH)

 There are 2 register/latch pins with no clock driven by root clock pin: design_1_i/caravel_0/inst/soc/core/VexRiscv/dBus_cmd_rData_address_reg[6]/Q (HIGH)

 There are 2 register/latch pins with no clock driven by root clock pin: design_1_i/caravel_0/inst/soc/core/VexRiscv/dBus_cmd_rData_address_reg[7]/Q (HIGH)

 There are 2 register/latch pins with no clock driven by root clock pin: design_1_i/caravel_0/inst/soc/core/VexRiscv/dBus_cmd_rData_wr_reg/Q (HIGH)

 There are 2 register/latch pins with no clock driven by root clock pin: design_1_i/caravel_0/inst/soc/core/VexRiscv/dBus_cmd_rValid_reg_inv/Q (HIGH)

 There are 2 register/latch pins with no clock driven by root clock pin: design_1_i/caravel_0/inst/soc/core/dbg_uart_address_reg[22]/Q (HIGH)

 There are 2 register/latch pins with no clock driven by root clock pin: design_1_i/caravel_0/inst/soc/core/dbg_uart_address_reg[23]/Q (HIGH)

 There are 2 register/latch pins with no clock driven by root clock pin: design_1_i/caravel_0/inst/soc/core/dbg_uart_address_reg[24]/Q (HIGH)

 There are 2 register/latch pins with no clock driven by root clock pin: design_1_i/caravel_0/inst/soc/core/dbg_uart_address_reg[25]/Q (HIGH)

 There are 2 register/latch pins with no clock driven by root clock pin: design_1_i/caravel_0/inst/soc/core/dbg_uart_address_reg[26]/Q (HIGH)

 There are 2 register/latch pins with no clock driven by root clock pin: design_1_i/caravel_0/inst/soc/core/dbg_uart_address_reg[27]/Q (HIGH)

 There are 2 register/latch pins with no clock driven by root clock pin: design_1_i/caravel_0/inst/soc/core/dbg_uart_address_reg[28]/Q (HIGH)

 There are 2 register/latch pins with no clock driven by root clock pin: design_1_i/caravel_0/inst/soc/core/dbg_uart_address_reg[29]/Q (HIGH)

 There are 2 register/latch pins with no clock driven by root clock pin: design_1_i/caravel_0/inst/soc/core/dbg_uart_address_reg[2]/Q (HIGH)

 There are 2 register/latch pins with no clock driven by root clock pin: design_1_i/caravel_0/inst/soc/core/dbg_uart_address_reg[3]/Q (HIGH)

 There are 2 register/latch pins with no clock driven by root clock pin: design_1_i/caravel_0/inst/soc/core/dbg_uart_address_reg[4]/Q (HIGH)

 There are 2 register/latch pins with no clock driven by root clock pin: design_1_i/caravel_0/inst/soc/core/dbg_uart_address_reg[5]/Q (HIGH)

 There are 52 register/latch pins with no clock driven by root clock pin: design_1_i/caravel_0/inst/soc/core/flash_clk_reg/Q (HIGH)

 There are 2 register/latch pins with no clock driven by root clock pin: design_1_i/caravel_0/inst/soc/core/uartwishbonebridge_state_reg[0]/Q (HIGH)

 There are 2 register/latch pins with no clock driven by root clock pin: design_1_i/caravel_0/inst/soc/core/uartwishbonebridge_state_reg[1]/Q (HIGH)

 There are 2 register/latch pins with no clock driven by root clock pin: design_1_i/caravel_0/inst/soc/core/uartwishbonebridge_state_reg[2]/Q (HIGH)


2. checking constant_clock (0)
------------------------------
 There are 0 register/latch pins with constant_clock.


3. checking pulse_width_clock (0)
---------------------------------
 There are 0 register/latch pins which need pulse_width check


4. checking unconstrained_internal_endpoints (2878)
---------------------------------------------------
 There are 2878 pins that are not constrained for maximum delay. (HIGH)

 There are 0 pins that are not constrained for maximum delay due to constant clock.


5. checking no_input_delay (0)
------------------------------
 There are 0 input ports with no input delay specified.

 There are 0 input ports with no input delay but user has a false path constraint.


6. checking no_output_delay (0)
-------------------------------
 There are 0 ports with no output delay specified.

 There are 0 ports with no output delay but user has a false path constraint

 There are 0 ports with no output delay but with a timing clock defined on it or propagating through it


7. checking multiple_clock (0)
------------------------------
 There are 0 register/latch pins with multiple clocks.


8. checking generated_clocks (0)
--------------------------------
 There are 0 generated clocks that are not connected to a clock source.


9. checking loops (0)
---------------------
 There are 0 combinational loops in the design.


10. checking partial_input_delay (0)
------------------------------------
 There are 0 input ports with partial input delay specified.


11. checking partial_output_delay (0)
-------------------------------------
 There are 0 ports with partial output delay specified.


12. checking latch_loops (0)
----------------------------
 There are 0 combinational latch loops in the design through latch input



------------------------------------------------------------------------------------------------
| Design Timing Summary
| ---------------------
------------------------------------------------------------------------------------------------

    WNS(ns)      TNS(ns)  TNS Failing Endpoints  TNS Total Endpoints      WHS(ns)      THS(ns)  THS Failing Endpoints  THS Total Endpoints     WPWS(ns)     TPWS(ns)  TPWS Failing Endpoints  TPWS Total Endpoints  
    -------      -------  ---------------------  -------------------      -------      -------  ---------------------  -------------------     --------     --------  ----------------------  --------------------  
     10.774        0.000                      0                20131       -0.584       -1.167                      2                20131       11.250        0.000                       0                  8181  


Timing constraints are not met.


------------------------------------------------------------------------------------------------
| Clock Summary
| -------------
------------------------------------------------------------------------------------------------

Clock       Waveform(ns)       Period(ns)      Frequency(MHz)
-----       ------------       ----------      --------------
clk_fpga_0  {0.000 12.500}     25.000          40.000          


------------------------------------------------------------------------------------------------
| Intra Clock Table
| -----------------
------------------------------------------------------------------------------------------------

Clock             WNS(ns)      TNS(ns)  TNS Failing Endpoints  TNS Total Endpoints      WHS(ns)      THS(ns)  THS Failing Endpoints  THS Total Endpoints     WPWS(ns)     TPWS(ns)  TPWS Failing Endpoints  TPWS Total Endpoints  
-----             -------      -------  ---------------------  -------------------      -------      -------  ---------------------  -------------------     --------     --------  ----------------------  --------------------  
clk_fpga_0         10.774        0.000                      0                19510       -0.584       -1.167                      2                19510       11.250        0.000                       0                  8181  


------------------------------------------------------------------------------------------------
| Inter Clock Table
| -----------------
------------------------------------------------------------------------------------------------

From Clock    To Clock          WNS(ns)      TNS(ns)  TNS Failing Endpoints  TNS Total Endpoints      WHS(ns)      THS(ns)  THS Failing Endpoints  THS Total Endpoints  
----------    --------          -------      -------  ---------------------  -------------------      -------      -------  ---------------------  -------------------  


------------------------------------------------------------------------------------------------
| Other Path Groups Table
| -----------------------
------------------------------------------------------------------------------------------------

Path Group         From Clock         To Clock               WNS(ns)      TNS(ns)  TNS Failing Endpoints  TNS Total Endpoints      WHS(ns)      THS(ns)  THS Failing Endpoints  THS Total Endpoints  
----------         ----------         --------               -------      -------  ---------------------  -------------------      -------      -------  ---------------------  -------------------  
**async_default**  clk_fpga_0         clk_fpga_0              15.789        0.000                      0                  621        0.493        0.000                      0                  621  


------------------------------------------------------------------------------------------------
| Timing Details
| --------------
------------------------------------------------------------------------------------------------


---------------------------------------------------------------------------------------------------
From Clock:  clk_fpga_0
  To Clock:  clk_fpga_0

Setup :            0  Failing Endpoints,  Worst Slack       10.774ns,  Total Violation        0.000ns
Hold  :            2  Failing Endpoints,  Worst Slack       -0.584ns,  Total Violation       -1.167ns
PW    :            0  Failing Endpoints,  Worst Slack       11.250ns,  Total Violation        0.000ns
---------------------------------------------------------------------------------------------------


Max Delay Paths
--------------------------------------------------------------------------------------
Slack (MET) :             10.774ns  (required time - arrival time)
  Source:                 design_1_i/caravel_0/inst/mprj/mm/p_0_out__0/CLK
                            (rising edge-triggered cell DSP48E1 clocked by clk_fpga_0  {rise@0.000ns fall@12.500ns period=25.000ns})
  Destination:            design_1_i/caravel_0/inst/mprj/mm/matrix_out_reg[3][3][31]/D
                            (rising edge-triggered cell FDCE clocked by clk_fpga_0  {rise@0.000ns fall@12.500ns period=25.000ns})
  Path Group:             clk_fpga_0
  Path Type:              Setup (Max at Slow Process Corner)
  Requirement:            25.000ns  (clk_fpga_0 rise@25.000ns - clk_fpga_0 rise@0.000ns)
  Data Path Delay:        13.783ns  (logic 8.492ns (61.610%)  route 5.291ns (38.390%))
  Logic Levels:           11  (CARRY4=5 DSP48E1=1 LUT2=2 LUT3=1 LUT5=1 LUT6=1)
  Clock Path Skew:        -0.143ns (DCD - SCD + CPR)
    Destination Clock Delay (DCD):    2.891ns = ( 27.891 - 25.000 ) 
    Source Clock Delay      (SCD):    3.164ns
    Clock Pessimism Removal (CPR):    0.129ns
  Clock Uncertainty:      0.377ns  ((TSJ^2 + TIJ^2)^1/2 + DJ) / 2 + PE
    Total System Jitter     (TSJ):    0.071ns
    Total Input Jitter      (TIJ):    0.750ns
    Discrete Jitter          (DJ):    0.000ns
    Phase Error              (PE):    0.000ns

    Location             Delay type                Incr(ns)  Path(ns)    Netlist Resource(s)
  -------------------------------------------------------------------    -------------------
                         (clock clk_fpga_0 rise edge)
                                                      0.000     0.000 r  
    PS7_X0Y0             PS7                          0.000     0.000 r  design_1_i/processing_system7_0/inst/PS7_i/FCLKCLK[0]
                         net (fo=1, routed)           1.193     1.193    design_1_i/processing_system7_0/inst/FCLK_CLK_unbuffered[0]
    BUFGCTRL_X0Y20       BUFG (Prop_bufg_I_O)         0.101     1.294 r  design_1_i/processing_system7_0/inst/buffer_fclk_clk_0.FCLK_CLK_0_BUFG/O
                         net (fo=8199, routed)        1.870     3.164    design_1_i/caravel_0/inst/mprj/mm/clock
    DSP48_X3Y35          DSP48E1                                      r  design_1_i/caravel_0/inst/mprj/mm/p_0_out__0/CLK
  -------------------------------------------------------------------    -------------------
    DSP48_X3Y35          DSP48E1 (Prop_dsp48e1_CLK_PCOUT[47])
                                                      4.206     7.370 r  design_1_i/caravel_0/inst/mprj/mm/p_0_out__0/PCOUT[47]
                         net (fo=1, routed)           0.002     7.372    design_1_i/caravel_0/inst/mprj/mm/p_0_out__0_n_106
    DSP48_X3Y36          DSP48E1 (Prop_dsp48e1_PCIN[47]_P[1])
                                                      1.518     8.890 r  design_1_i/caravel_0/inst/mprj/mm/p_0_out__1/P[1]
                         net (fo=2, routed)           1.355    10.245    design_1_i/caravel_0/inst/mprj/mm_n_43
    SLICE_X94Y97         LUT2 (Prop_lut2_I0_O)        0.124    10.369 r  design_1_i/caravel_0/inst/mprj/i__carry_i_2/O
                         net (fo=1, routed)           0.000    10.369    design_1_i/caravel_0/inst/mprj/mm/S[1]
    SLICE_X94Y97         CARRY4 (Prop_carry4_S[2]_CO[3])
                                                      0.380    10.749 r  design_1_i/caravel_0/inst/mprj/mm/p_0_out_inferred__0/i__carry/CO[3]
                         net (fo=1, routed)           0.000    10.749    design_1_i/caravel_0/inst/mprj/mm/p_0_out_inferred__0/i__carry_n_0
    SLICE_X94Y98         CARRY4 (Prop_carry4_CI_O[0])
                                                      0.219    10.968 r  design_1_i/caravel_0/inst/mprj/mm/p_0_out_inferred__0/i__carry__0/O[0]
                         net (fo=3, routed)           1.146    12.114    design_1_i/caravel_0/inst/mprj/mm/p_0_out__1_1[0]
    SLICE_X91Y100        LUT3 (Prop_lut3_I1_O)        0.295    12.409 r  design_1_i/caravel_0/inst/mprj/mm/p_4_out__2_carry__4_i_11/O
                         net (fo=2, routed)           0.676    13.084    design_1_i/caravel_0/inst/mprj/mm/p_0_out__7_9
    SLICE_X91Y100        LUT5 (Prop_lut5_I4_O)        0.152    13.236 r  design_1_i/caravel_0/inst/mprj/mm/p_4_out__2_carry__4_i_3/O
                         net (fo=2, routed)           0.653    13.889    design_1_i/caravel_0/inst/mprj/mm_n_253
    SLICE_X90Y100        LUT6 (Prop_lut6_I0_O)        0.326    14.215 r  design_1_i/caravel_0/inst/mprj/p_4_out__2_carry__4_i_7/O
                         net (fo=1, routed)           0.000    14.215    design_1_i/caravel_0/inst/mprj/mm/matrix_out_reg[3][3][23]_0[1]
    SLICE_X90Y100        CARRY4 (Prop_carry4_S[1]_CO[3])
                                                      0.533    14.748 r  design_1_i/caravel_0/inst/mprj/mm/p_4_out__2_carry__4/CO[3]
                         net (fo=1, routed)           0.000    14.748    design_1_i/caravel_0/inst/mprj/mm/p_4_out__2_carry__4_n_0
    SLICE_X90Y101        CARRY4 (Prop_carry4_CI_CO[3])
                                                      0.117    14.865 r  design_1_i/caravel_0/inst/mprj/mm/p_4_out__2_carry__5/CO[3]
                         net (fo=1, routed)           0.000    14.865    design_1_i/caravel_0/inst/mprj/mm/p_4_out__2_carry__5_n_0
    SLICE_X90Y102        CARRY4 (Prop_carry4_CI_O[3])
                                                      0.315    15.180 r  design_1_i/caravel_0/inst/mprj/mm/p_4_out__2_carry__6/O[3]
                         net (fo=1, routed)           1.460    16.640    design_1_i/caravel_0/inst/mprj/mm/p_4_out__2_carry__6_n_4
    SLICE_X66Y111        LUT2 (Prop_lut2_I1_O)        0.307    16.947 r  design_1_i/caravel_0/inst/mprj/mm/matrix_out[3][3][31]_i_1/O
                         net (fo=1, routed)           0.000    16.947    design_1_i/caravel_0/inst/mprj/mm/matrix_out[3][3][31]_i_1_n_0
    SLICE_X66Y111        FDCE                                         r  design_1_i/caravel_0/inst/mprj/mm/matrix_out_reg[3][3][31]/D
  -------------------------------------------------------------------    -------------------

                         (clock clk_fpga_0 rise edge)
                                                     25.000    25.000 r  
    PS7_X0Y0             PS7                          0.000    25.000 r  design_1_i/processing_system7_0/inst/PS7_i/FCLKCLK[0]
                         net (fo=1, routed)           1.088    26.088    design_1_i/processing_system7_0/inst/FCLK_CLK_unbuffered[0]
    BUFGCTRL_X0Y20       BUFG (Prop_bufg_I_O)         0.091    26.179 r  design_1_i/processing_system7_0/inst/buffer_fclk_clk_0.FCLK_CLK_0_BUFG/O
                         net (fo=8199, routed)        1.712    27.891    design_1_i/caravel_0/inst/mprj/mm/clock
    SLICE_X66Y111        FDCE                                         r  design_1_i/caravel_0/inst/mprj/mm/matrix_out_reg[3][3][31]/C
                         clock pessimism              0.129    28.020    
                         clock uncertainty           -0.377    27.643    
    SLICE_X66Y111        FDCE (Setup_fdce_C_D)        0.077    27.720    design_1_i/caravel_0/inst/mprj/mm/matrix_out_reg[3][3][31]
  -------------------------------------------------------------------
                         required time                         27.720    
                         arrival time                         -16.947    
  -------------------------------------------------------------------
                         slack                                 10.774    





Min Delay Paths
--------------------------------------------------------------------------------------
Slack (VIOLATED) :        -0.584ns  (arrival time - required time)
  Source:                 design_1_i/processing_system7_0/inst/PS7_i/FCLKCLK[0]
                            (clock source 'clk_fpga_0'  {rise@0.000ns fall@12.500ns period=25.000ns})
  Destination:            design_1_i/caravel_ps_0/inst/control_s_axi_U/int_ps_mprj_out_reg[14]/D
                            (rising edge-triggered cell FDRE clocked by clk_fpga_0  {rise@0.000ns fall@12.500ns period=25.000ns})
  Path Group:             clk_fpga_0
  Path Type:              Hold (Min at Fast Process Corner)
  Requirement:            0.000ns  (clk_fpga_0 rise@0.000ns - clk_fpga_0 rise@0.000ns)
  Data Path Delay:        1.073ns  (logic 0.071ns (6.615%)  route 1.002ns (93.385%))
  Logic Levels:           2  (BUFG=1 LUT6=1)
  Clock Path Skew:        1.189ns (DCD - SCD - CPR)
    Destination Clock Delay (DCD):    1.189ns
    Source Clock Delay      (SCD):    0.000ns
    Clock Pessimism Removal (CPR):    -0.000ns
  Clock Uncertainty:      0.377ns  ((TSJ^2 + TIJ^2)^1/2 + DJ) / 2 + PE
    Total System Jitter     (TSJ):    0.071ns
    Total Input Jitter      (TIJ):    0.750ns
    Discrete Jitter          (DJ):    0.000ns
    Phase Error              (PE):    0.000ns

    Location             Delay type                Incr(ns)  Path(ns)    Netlist Resource(s)
  -------------------------------------------------------------------    -------------------
                         (clock clk_fpga_0 rise edge)
                                                      0.000     0.000 r  
    PS7_X0Y0             PS7                          0.000     0.000 r  design_1_i/processing_system7_0/inst/PS7_i/FCLKCLK[0]
                         net (fo=1, routed)           0.310     0.310    design_1_i/processing_system7_0/inst/FCLK_CLK_unbuffered[0]
    BUFGCTRL_X0Y20       BUFG (Prop_bufg_I_O)         0.026     0.336 r  design_1_i/processing_system7_0/inst/buffer_fclk_clk_0.FCLK_CLK_0_BUFG/O
                         net (fo=8199, routed)        0.692     1.028    design_1_i/caravel_0/inst/gpio_control_in_1[6]/clock
    SLICE_X43Y91         LUT6 (Prop_lut6_I3_O)        0.045     1.073 r  design_1_i/caravel_0/inst/gpio_control_in_1[6]/mprj_o[14]_INST_0/O
                         net (fo=1, routed)           0.000     1.073    design_1_i/caravel_ps_0/inst/control_s_axi_U/mprj_out[14]
    SLICE_X43Y91         FDRE                                         r  design_1_i/caravel_ps_0/inst/control_s_axi_U/int_ps_mprj_out_reg[14]/D
  -------------------------------------------------------------------    -------------------

                         (clock clk_fpga_0 rise edge)
                                                      0.000     0.000 r  
    PS7_X0Y0             PS7                          0.000     0.000 r  design_1_i/processing_system7_0/inst/PS7_i/FCLKCLK[0]
                         net (fo=1, routed)           0.337     0.337    design_1_i/processing_system7_0/inst/FCLK_CLK_unbuffered[0]
    BUFGCTRL_X0Y20       BUFG (Prop_bufg_I_O)         0.029     0.366 r  design_1_i/processing_system7_0/inst/buffer_fclk_clk_0.FCLK_CLK_0_BUFG/O
                         net (fo=8199, routed)        0.823     1.189    design_1_i/caravel_ps_0/inst/control_s_axi_U/ap_clk
    SLICE_X43Y91         FDRE                                         r  design_1_i/caravel_ps_0/inst/control_s_axi_U/int_ps_mprj_out_reg[14]/C
                         clock pessimism              0.000     1.189    
                         clock uncertainty            0.377     1.566    
    SLICE_X43Y91         FDRE (Hold_fdre_C_D)         0.092     1.658    design_1_i/caravel_ps_0/inst/control_s_axi_U/int_ps_mprj_out_reg[14]
  -------------------------------------------------------------------
                         required time                         -1.658    
                         arrival time                           1.073    
  -------------------------------------------------------------------
                         slack                                 -0.584    





Pulse Width Checks
--------------------------------------------------------------------------------------
Clock Name:         clk_fpga_0
Waveform(ns):       { 0.000 12.500 }
Period(ns):         25.000
Sources:            { design_1_i/processing_system7_0/inst/PS7_i/FCLKCLK[0] }

Check Type        Corner  Lib Pin             Reference Pin  Required(ns)  Actual(ns)  Slack(ns)  Location      Pin
Min Period        n/a     RAMB36E1/CLKARDCLK  n/a            2.944         25.000      22.056     RAMB36_X3Y22  design_1_i/caravel_0/inst/mprj/user_bram_dealer/user_bram/RAM_reg_0/CLKARDCLK
Low Pulse Width   Slow    RAMD32/CLK          n/a            1.250         12.500      11.250     SLICE_X34Y55  design_1_i/axi_mem_intercon/s00_couplers/auto_pc/inst/gen_axi4_axi3.axi3_conv_inst/USE_READ.USE_SPLIT_R.read_addr_inst/USE_R_CHANNEL.cmd_queue/inst/fifo_gen_inst/inst_fifo_gen/gconvfifo.rf/grf.rf/gntv_or_sync_fifo.mem/gdm.dm_gen.dm/RAM_reg_0_31_0_0/DP/CLK
High Pulse Width  Slow    RAMD32/CLK          n/a            1.250         12.500      11.250     SLICE_X34Y55  design_1_i/axi_mem_intercon/s00_couplers/auto_pc/inst/gen_axi4_axi3.axi3_conv_inst/USE_READ.USE_SPLIT_R.read_addr_inst/USE_R_CHANNEL.cmd_queue/inst/fifo_gen_inst/inst_fifo_gen/gconvfifo.rf/grf.rf/gntv_or_sync_fifo.mem/gdm.dm_gen.dm/RAM_reg_0_31_0_0/DP/CLK



---------------------------------------------------------------------------------------------------
Path Group:  **async_default**
From Clock:  clk_fpga_0
  To Clock:  clk_fpga_0

Setup :            0  Failing Endpoints,  Worst Slack       15.789ns,  Total Violation        0.000ns
Hold  :            0  Failing Endpoints,  Worst Slack        0.493ns,  Total Violation        0.000ns
---------------------------------------------------------------------------------------------------


Max Delay Paths
--------------------------------------------------------------------------------------
Slack (MET) :             15.789ns  (required time - arrival time)
  Source:                 design_1_i/output_pin_0/inst/control_s_axi_U/int_outpin_ctrl_reg[0]/C
                            (rising edge-triggered cell FDRE clocked by clk_fpga_0  {rise@0.000ns fall@12.500ns period=25.000ns})
  Destination:            design_1_i/caravel_0/inst/mprj/uart/ctrl/tx_fifo/mem_r_reg[0][1]/CLR
                            (recovery check against rising-edge clock clk_fpga_0  {rise@0.000ns fall@12.500ns period=25.000ns})
  Path Group:             **async_default**
  Path Type:              Recovery (Max at Slow Process Corner)
  Requirement:            25.000ns  (clk_fpga_0 rise@25.000ns - clk_fpga_0 rise@0.000ns)
  Data Path Delay:        8.526ns  (logic 0.642ns (7.530%)  route 7.884ns (92.470%))
  Logic Levels:           1  (LUT2=1)
  Clock Path Skew:        0.097ns (DCD - SCD + CPR)
    Destination Clock Delay (DCD):    2.887ns = ( 27.887 - 25.000 ) 
    Source Clock Delay      (SCD):    2.919ns
    Clock Pessimism Removal (CPR):    0.129ns
  Clock Uncertainty:      0.377ns  ((TSJ^2 + TIJ^2)^1/2 + DJ) / 2 + PE
    Total System Jitter     (TSJ):    0.071ns
    Total Input Jitter      (TIJ):    0.750ns
    Discrete Jitter          (DJ):    0.000ns
    Phase Error              (PE):    0.000ns

    Location             Delay type                Incr(ns)  Path(ns)    Netlist Resource(s)
  -------------------------------------------------------------------    -------------------
                         (clock clk_fpga_0 rise edge)
                                                      0.000     0.000 r  
    PS7_X0Y0             PS7                          0.000     0.000 r  design_1_i/processing_system7_0/inst/PS7_i/FCLKCLK[0]
                         net (fo=1, routed)           1.193     1.193    design_1_i/processing_system7_0/inst/FCLK_CLK_unbuffered[0]
    BUFGCTRL_X0Y20       BUFG (Prop_bufg_I_O)         0.101     1.294 r  design_1_i/processing_system7_0/inst/buffer_fclk_clk_0.FCLK_CLK_0_BUFG/O
                         net (fo=8199, routed)        1.625     2.919    design_1_i/output_pin_0/inst/control_s_axi_U/ap_clk
    SLICE_X50Y78         FDRE                                         r  design_1_i/output_pin_0/inst/control_s_axi_U/int_outpin_ctrl_reg[0]/C
  -------------------------------------------------------------------    -------------------
    SLICE_X50Y78         FDRE (Prop_fdre_C_Q)         0.518     3.437 r  design_1_i/output_pin_0/inst/control_s_axi_U/int_outpin_ctrl_reg[0]/Q
                         net (fo=9, routed)           2.719     6.156    design_1_i/caravel_0/inst/housekeeping/hkspi/resetb
    SLICE_X50Y124        LUT2 (Prop_lut2_I0_O)        0.124     6.280 f  design_1_i/caravel_0/inst/housekeeping/hkspi/delay_cnt[3]_i_3/O
                         net (fo=2847, routed)        5.165    11.445    design_1_i/caravel_0/inst/mprj/uart/ctrl/tx_fifo/mprj_reset
    SLICE_X84Y121        FDCE                                         f  design_1_i/caravel_0/inst/mprj/uart/ctrl/tx_fifo/mem_r_reg[0][1]/CLR
  -------------------------------------------------------------------    -------------------

                         (clock clk_fpga_0 rise edge)
                                                     25.000    25.000 r  
    PS7_X0Y0             PS7                          0.000    25.000 r  design_1_i/processing_system7_0/inst/PS7_i/FCLKCLK[0]
                         net (fo=1, routed)           1.088    26.088    design_1_i/processing_system7_0/inst/FCLK_CLK_unbuffered[0]
    BUFGCTRL_X0Y20       BUFG (Prop_bufg_I_O)         0.091    26.179 r  design_1_i/processing_system7_0/inst/buffer_fclk_clk_0.FCLK_CLK_0_BUFG/O
                         net (fo=8199, routed)        1.708    27.887    design_1_i/caravel_0/inst/mprj/uart/ctrl/tx_fifo/clock
    SLICE_X84Y121        FDCE                                         r  design_1_i/caravel_0/inst/mprj/uart/ctrl/tx_fifo/mem_r_reg[0][1]/C
                         clock pessimism              0.129    28.016    
                         clock uncertainty           -0.377    27.639    
    SLICE_X84Y121        FDCE (Recov_fdce_C_CLR)     -0.405    27.234    design_1_i/caravel_0/inst/mprj/uart/ctrl/tx_fifo/mem_r_reg[0][1]
  -------------------------------------------------------------------
                         required time                         27.234    
                         arrival time                         -11.445    
  -------------------------------------------------------------------
                         slack                                 15.789    





Min Delay Paths
--------------------------------------------------------------------------------------
Slack (MET) :             0.493ns  (arrival time - required time)
  Source:                 design_1_i/axi_mem_intercon/s00_couplers/auto_pc/inst/gen_axi4_axi3.axi3_conv_inst/USE_READ.USE_SPLIT_R.read_addr_inst/USE_R_CHANNEL.cmd_queue/inst/fifo_gen_inst/inst_fifo_gen/gconvfifo.rf/grf.rf/rstblk/ngwrdrst.grst.g7serrst.gnsckt_wrst.gcc_rst.sckt_wr_rst_cc_reg[0]/C
                            (rising edge-triggered cell FDRE clocked by clk_fpga_0  {rise@0.000ns fall@12.500ns period=25.000ns})
  Destination:            design_1_i/axi_mem_intercon/s00_couplers/auto_pc/inst/gen_axi4_axi3.axi3_conv_inst/USE_READ.USE_SPLIT_R.read_addr_inst/USE_R_CHANNEL.cmd_queue/inst/fifo_gen_inst/inst_fifo_gen/gconvfifo.rf/grf.rf/gntv_or_sync_fifo.gl0.rd/gr1.gr1_int.rfwft/gpregsm1.curr_fwft_state_reg[0]/CLR
                            (removal check against rising-edge clock clk_fpga_0  {rise@0.000ns fall@12.500ns period=25.000ns})
  Path Group:             **async_default**
  Path Type:              Removal (Min at Fast Process Corner)
  Requirement:            0.000ns  (clk_fpga_0 rise@0.000ns - clk_fpga_0 rise@0.000ns)
  Data Path Delay:        0.459ns  (logic 0.227ns (49.493%)  route 0.232ns (50.507%))
  Logic Levels:           1  (LUT3=1)
  Clock Path Skew:        0.033ns (DCD - SCD - CPR)
    Destination Clock Delay (DCD):    1.191ns
    Source Clock Delay      (SCD):    0.894ns
    Clock Pessimism Removal (CPR):    0.264ns

    Location             Delay type                Incr(ns)  Path(ns)    Netlist Resource(s)
  -------------------------------------------------------------------    -------------------
                         (clock clk_fpga_0 rise edge)
                                                      0.000     0.000 r  
    PS7_X0Y0             PS7                          0.000     0.000 r  design_1_i/processing_system7_0/inst/PS7_i/FCLKCLK[0]
                         net (fo=1, routed)           0.310     0.310    design_1_i/processing_system7_0/inst/FCLK_CLK_unbuffered[0]
    BUFGCTRL_X0Y20       BUFG (Prop_bufg_I_O)         0.026     0.336 r  design_1_i/processing_system7_0/inst/buffer_fclk_clk_0.FCLK_CLK_0_BUFG/O
                         net (fo=8199, routed)        0.558     0.894    design_1_i/axi_mem_intercon/s00_couplers/auto_pc/inst/gen_axi4_axi3.axi3_conv_inst/USE_READ.USE_SPLIT_R.read_addr_inst/USE_R_CHANNEL.cmd_queue/inst/fifo_gen_inst/inst_fifo_gen/gconvfifo.rf/grf.rf/rstblk/clk
    SLICE_X33Y54         FDRE                                         r  design_1_i/axi_mem_intercon/s00_couplers/auto_pc/inst/gen_axi4_axi3.axi3_conv_inst/USE_READ.USE_SPLIT_R.read_addr_inst/USE_R_CHANNEL.cmd_queue/inst/fifo_gen_inst/inst_fifo_gen/gconvfifo.rf/grf.rf/rstblk/ngwrdrst.grst.g7serrst.gnsckt_wrst.gcc_rst.sckt_wr_rst_cc_reg[0]/C
  -------------------------------------------------------------------    -------------------
    SLICE_X33Y54         FDRE (Prop_fdre_C_Q)         0.128     1.022 f  design_1_i/axi_mem_intercon/s00_couplers/auto_pc/inst/gen_axi4_axi3.axi3_conv_inst/USE_READ.USE_SPLIT_R.read_addr_inst/USE_R_CHANNEL.cmd_queue/inst/fifo_gen_inst/inst_fifo_gen/gconvfifo.rf/grf.rf/rstblk/ngwrdrst.grst.g7serrst.gnsckt_wrst.gcc_rst.sckt_wr_rst_cc_reg[0]/Q
                         net (fo=2, routed)           0.068     1.089    design_1_i/axi_mem_intercon/s00_couplers/auto_pc/inst/gen_axi4_axi3.axi3_conv_inst/USE_READ.USE_SPLIT_R.read_addr_inst/USE_R_CHANNEL.cmd_queue/inst/fifo_gen_inst/inst_fifo_gen/gconvfifo.rf/grf.rf/rstblk/ngwrdrst.grst.g7serrst.gnsckt_wrst.gcc_rst.sckt_wr_rst_cc[0]
    SLICE_X33Y54         LUT3 (Prop_lut3_I1_O)        0.099     1.188 f  design_1_i/axi_mem_intercon/s00_couplers/auto_pc/inst/gen_axi4_axi3.axi3_conv_inst/USE_READ.USE_SPLIT_R.read_addr_inst/USE_R_CHANNEL.cmd_queue/inst/fifo_gen_inst/inst_fifo_gen/gconvfifo.rf/grf.rf/rstblk/gpregsm1.curr_fwft_state[1]_i_2/O
                         net (fo=33, routed)          0.164     1.352    design_1_i/axi_mem_intercon/s00_couplers/auto_pc/inst/gen_axi4_axi3.axi3_conv_inst/USE_READ.USE_SPLIT_R.read_addr_inst/USE_R_CHANNEL.cmd_queue/inst/fifo_gen_inst/inst_fifo_gen/gconvfifo.rf/grf.rf/gntv_or_sync_fifo.gl0.rd/gr1.gr1_int.rfwft/gpregsm1.user_valid_reg_0
    SLICE_X34Y54         FDCE                                         f  design_1_i/axi_mem_intercon/s00_couplers/auto_pc/inst/gen_axi4_axi3.axi3_conv_inst/USE_READ.USE_SPLIT_R.read_addr_inst/USE_R_CHANNEL.cmd_queue/inst/fifo_gen_inst/inst_fifo_gen/gconvfifo.rf/grf.rf/gntv_or_sync_fifo.gl0.rd/gr1.gr1_int.rfwft/gpregsm1.curr_fwft_state_reg[0]/CLR
  -------------------------------------------------------------------    -------------------

                         (clock clk_fpga_0 rise edge)
                                                      0.000     0.000 r  
    PS7_X0Y0             PS7                          0.000     0.000 r  design_1_i/processing_system7_0/inst/PS7_i/FCLKCLK[0]
                         net (fo=1, routed)           0.337     0.337    design_1_i/processing_system7_0/inst/FCLK_CLK_unbuffered[0]
    BUFGCTRL_X0Y20       BUFG (Prop_bufg_I_O)         0.029     0.366 r  design_1_i/processing_system7_0/inst/buffer_fclk_clk_0.FCLK_CLK_0_BUFG/O
                         net (fo=8199, routed)        0.825     1.191    design_1_i/axi_mem_intercon/s00_couplers/auto_pc/inst/gen_axi4_axi3.axi3_conv_inst/USE_READ.USE_SPLIT_R.read_addr_inst/USE_R_CHANNEL.cmd_queue/inst/fifo_gen_inst/inst_fifo_gen/gconvfifo.rf/grf.rf/gntv_or_sync_fifo.gl0.rd/gr1.gr1_int.rfwft/clk
    SLICE_X34Y54         FDCE                                         r  design_1_i/axi_mem_intercon/s00_couplers/auto_pc/inst/gen_axi4_axi3.axi3_conv_inst/USE_READ.USE_SPLIT_R.read_addr_inst/USE_R_CHANNEL.cmd_queue/inst/fifo_gen_inst/inst_fifo_gen/gconvfifo.rf/grf.rf/gntv_or_sync_fifo.gl0.rd/gr1.gr1_int.rfwft/gpregsm1.curr_fwft_state_reg[0]/C
                         clock pessimism             -0.264     0.927    
    SLICE_X34Y54         FDCE (Remov_fdce_C_CLR)     -0.067     0.860    design_1_i/axi_mem_intercon/s00_couplers/auto_pc/inst/gen_axi4_axi3.axi3_conv_inst/USE_READ.USE_SPLIT_R.read_addr_inst/USE_R_CHANNEL.cmd_queue/inst/fifo_gen_inst/inst_fifo_gen/gconvfifo.rf/grf.rf/gntv_or_sync_fifo.gl0.rd/gr1.gr1_int.rfwft/gpregsm1.curr_fwft_state_reg[0]
  -------------------------------------------------------------------
                         required time                         -0.860    
                         arrival time                           1.352    
  -------------------------------------------------------------------
                         slack                                  0.493    





