#-----------------------------------------------------------
# Vivado v2022.1 (64-bit)
# SW Build 3526262 on Mon Apr 18 15:47:01 MDT 2022
# IP Build 3524634 on Mon Apr 18 20:55:01 MDT 2022
# Start of session at: Tue Jan 16 18:14:54 2024
# Process ID: 5945
# Current directory: /home/soc/caravel-soc_fpga-lab_original/fuck_final/vivado
# Command line: vivado
# Log file: /home/soc/caravel-soc_fpga-lab_original/fuck_final/vivado/vivado.log
# Journal file: /home/soc/caravel-soc_fpga-lab_original/fuck_final/vivado/vivado.jou
# Running On: taipei, OS: Linux, CPU Frequency: 3691.149 MHz, CPU Physical cores: 4, Host memory: 33517 MB
#-----------------------------------------------------------
start_gui
WARNING: [Board 49-26] cannot add Board Part xilinx.com:vpk120_es:part0:1.2 available at /home/Vivado/2022.1/data/xhub/boards/XilinxBoardStore/boards/Xilinx/vpk120/es/1.2/board.xml as part xcvp1202-vsva2785-2mp-e-s-es1 specified in board_part file is either invalid or not available
WARNING: [Board 49-26] cannot add Board Part xilinx.com:vpk120_es_revb:part0:1.0 available at /home/Vivado/2022.1/data/xhub/boards/XilinxBoardStore/boards/Xilinx/vpk120_revb/es/1.0/board.xml as part xcvp1202-vsva2785-2mp-e-s-es1 specified in board_part file is either invalid or not available
WARNING: [Board 49-26] cannot add Board Part xilinx.com:zcu208ld:part0:2.0 available at /home/Vivado/2022.1/data/xhub/boards/XilinxBoardStore/boards/Xilinx/zcu208ld/production/2.0/board.xml as part xczu58dr-fsvg1517-2-i specified in board_part file is either invalid or not available
WARNING: [Board 49-26] cannot add Board Part xilinx.com:zcu216ld:part0:2.0 available at /home/Vivado/2022.1/data/xhub/boards/XilinxBoardStore/boards/Xilinx/zcu216ld/production/2.0/board.xml as part xczu59dr-ffvf1760-2-i specified in board_part file is either invalid or not available
WARNING: [Board 49-26] cannot add Board Part xilinx.com:zcu670:part0:2.0 available at /home/Vivado/2022.1/data/xhub/boards/XilinxBoardStore/boards/Xilinx/zcu670/2.0/board.xml as part xczu67dr-fsve1156-2-i specified in board_part file is either invalid or not available
WARNING: [Board 49-26] cannot add Board Part xilinx.com:zcu670ld:part0:1.0 available at /home/Vivado/2022.1/data/xhub/boards/XilinxBoardStore/boards/Xilinx/zcu670ld/1.0/board.xml as part xczu57dr-fsve1156-2-i specified in board_part file is either invalid or not available
open_project /home/soc/caravel-soc_fpga-lab_original/fuck_final/vivado/vvd_caravel_fpga/vvd_caravel_fpga.xpr
Scanning sources...
Finished scanning sources
INFO: [Project 1-1877] Auto incremental dir location '/home/tonyho/workspace_willy/caravel_fpga/project/vitis_prj/hls_read_romcode/D:/Caravel_Soc/vvd_caravel_fpga/vvd_caravel_fpga.srcs/utils_1/imports/synth_1' of run 'synth_1' is not writable, setting it to default location '/home/soc/caravel-soc_fpga-lab_original/fuck_final/vivado/vvd_caravel_fpga/vvd_caravel_fpga.srcs/utils_1/imports/synth_1'.
INFO: [Project 1-1877] Auto incremental dir location '/home/tonyho/workspace_willy/caravel_fpga/project/vitis_prj/hls_read_romcode/D:/Caravel_Soc/vvd_caravel_fpga/vvd_caravel_fpga.srcs/utils_1/imports/impl_1' of run 'impl_1' is not writable, setting it to default location '/home/soc/caravel-soc_fpga-lab_original/fuck_final/vivado/vvd_caravel_fpga/vvd_caravel_fpga.srcs/utils_1/imports/impl_1'.
INFO: [IP_Flow 19-234] Refreshing IP repositories
INFO: [IP_Flow 19-1700] Loaded user IP repository '/home/soc/caravel-soc_fpga-lab_original/fuck_final/vivado/vitis_prj/hls_caravel_ps'.
INFO: [IP_Flow 19-1700] Loaded user IP repository '/home/soc/caravel-soc_fpga-lab_original/fuck_final/vivado/vitis_prj/hls_output_pin'.
INFO: [IP_Flow 19-1700] Loaded user IP repository '/home/soc/caravel-soc_fpga-lab_original/fuck_final/vivado/vitis_prj/hls_read_romcode'.
INFO: [IP_Flow 19-2313] Loaded Vivado IP repository '/home/Vivado/2022.1/data/ip'.
open_project: Time (s): cpu = 00:00:24 ; elapsed = 00:00:09 . Memory (MB): peak = 7810.453 ; gain = 169.504 ; free physical = 15834 ; free virtual = 41937
open_run impl_1
INFO: [Device 21-403] Loading part xc7z020clg400-1
Netlist sorting complete. Time (s): cpu = 00:00:00.2 ; elapsed = 00:00:00.16 . Memory (MB): peak = 8188.137 ; gain = 0.000 ; free physical = 13821 ; free virtual = 39930
INFO: [Netlist 29-17] Analyzing 714 Unisim elements for replacement
INFO: [Netlist 29-28] Unisim Transformation completed in 0 CPU seconds
INFO: [Project 1-479] Netlist was created with Vivado 2022.1
INFO: [Project 1-570] Preparing netlist for logic optimization
INFO: [Timing 38-478] Restoring timing data from binary archive.
INFO: [Timing 38-479] Binary timing data restore complete.
INFO: [Project 1-856] Restoring constraints from binary archive.
INFO: [Project 1-853] Binary constraint restore complete.
Reading XDEF placement.
Reading placer database...
Reading XDEF routing.
Read XDEF Files: Time (s): cpu = 00:00:01 ; elapsed = 00:00:01 . Memory (MB): peak = 8677.805 ; gain = 6.000 ; free physical = 12848 ; free virtual = 38985
Restored from archive | CPU: 1.170000 secs | Memory: 18.188866 MB |
Finished XDEF File Restore: Time (s): cpu = 00:00:01 ; elapsed = 00:00:01 . Memory (MB): peak = 8677.805 ; gain = 6.000 ; free physical = 12848 ; free virtual = 38985
Netlist sorting complete. Time (s): cpu = 00:00:00.01 ; elapsed = 00:00:00 . Memory (MB): peak = 8926.926 ; gain = 0.000 ; free physical = 12849 ; free virtual = 38986
INFO: [Project 1-111] Unisim Transformation Summary:
  A total of 69 instances were transformed.
  RAM16X1S => RAM32X1S (RAMS32): 64 instances
  RAM32M => RAM32M (RAMD32(x6), RAMS32(x2)): 4 instances
  RAM32X1D => RAM32X1D (RAMD32(x2)): 1 instance 

open_run: Time (s): cpu = 00:01:16 ; elapsed = 00:00:43 . Memory (MB): peak = 8926.926 ; gain = 894.363 ; free physical = 12696 ; free virtual = 38836
open_report: Time (s): cpu = 00:00:11 ; elapsed = 00:00:05 . Memory (MB): peak = 8926.926 ; gain = 0.000 ; free physical = 12566 ; free virtual = 38707
CRITICAL WARNING: [Timing 38-282] The design failed to meet the timing requirements. Please see the timing summary report for details on the timing violations.
update_compile_order -fileset sources_1
copy_run -name impl_1_copy_1 [get_runs impl_1] -parent_run synth_1
copy_run: Time (s): cpu = 00:00:18 ; elapsed = 00:00:08 . Memory (MB): peak = 9084.219 ; gain = 0.000 ; free physical = 12350 ; free virtual = 38491
impl_1_copy_1
set_property flow {Vivado Implementation 2022} [get_runs impl_1]
set_property strategy Performance_NetDelay_high [get_runs impl_1]
reset_run impl_1
launch_runs impl_1 -jobs 4
[Tue Jan 16 18:19:28 2024] Launched impl_1...
Run output will be captured here: /home/soc/caravel-soc_fpga-lab_original/fuck_final/vivado/vvd_caravel_fpga/vvd_caravel_fpga.runs/impl_1/runme.log
create_ip_run [get_files -of_objects [get_fileset sources_1] /home/soc/caravel-soc_fpga-lab_original/fuck_final/vivado/vvd_caravel_fpga/vvd_caravel_fpga.srcs/sources_1/bd/design_1/design_1.bd]
refresh_design
Netlist sorting complete. Time (s): cpu = 00:00:00.36 ; elapsed = 00:00:00.16 . Memory (MB): peak = 9084.219 ; gain = 0.000 ; free physical = 12542 ; free virtual = 38679
INFO: [Netlist 29-17] Analyzing 714 Unisim elements for replacement
INFO: [Netlist 29-28] Unisim Transformation completed in 0 CPU seconds
INFO: [Project 1-479] Netlist was created with Vivado 2022.1
INFO: [Project 1-570] Preparing netlist for logic optimization
INFO: [Timing 38-478] Restoring timing data from binary archive.
INFO: [Timing 38-479] Binary timing data restore complete.
INFO: [Project 1-856] Restoring constraints from binary archive.
INFO: [Project 1-853] Binary constraint restore complete.
Reading XDEF placement.
Reading placer database...
Reading XDEF routing.
Read XDEF Files: Time (s): cpu = 00:00:01 ; elapsed = 00:00:01 . Memory (MB): peak = 9084.219 ; gain = 0.000 ; free physical = 12407 ; free virtual = 38544
Restored from archive | CPU: 1.150000 secs | Memory: 18.170753 MB |
Finished XDEF File Restore: Time (s): cpu = 00:00:01 ; elapsed = 00:00:01 . Memory (MB): peak = 9084.219 ; gain = 0.000 ; free physical = 12407 ; free virtual = 38544
refresh_design: Time (s): cpu = 00:00:19 ; elapsed = 00:00:10 . Memory (MB): peak = 9084.219 ; gain = 0.000 ; free physical = 12362 ; free virtual = 38498
launch_runs impl_1 -to_step write_bitstream -jobs 4
[Tue Jan 16 18:22:53 2024] Launched impl_1...
Run output will be captured here: /home/soc/caravel-soc_fpga-lab_original/fuck_final/vivado/vvd_caravel_fpga/vvd_caravel_fpga.runs/impl_1/runme.log
